2025-09-28 17:00:32,098 - trading_system - INFO - setup_logging:132 - Logging configured - Level: INFO, Log Dir: C:\Users\ASUS\Desktop\Paisa_he_paisa_hoga\stock_prediction_system\logs
2025-09-28 17:00:32,098 - trading_system - INFO - initialize:37 - Initializing Trading System...
2025-09-28 17:00:32,099 - trading_system.dataorchestrator - INFO - initialize:34 - Initializing data orchestrator...
2025-09-28 17:00:32,099 - trading_system.dataorchestrator - INFO - initialize:53 - Data orchestrator initialized successfully
2025-09-28 17:00:32,100 - trading_system.signalengine - INFO - initialize:369 - Initializing signal engine...
2025-09-28 17:00:32,101 - trading_system.signalengine - INFO - initialize:371 - Signal engine initialized
2025-09-28 17:00:32,104 - trading_system - INFO - initialize:51 - Trading System initialized successfully
2025-09-28 17:00:32,104 - trading_system - INFO - start:59 - Starting Trading System...
2025-09-28 17:00:32,227 - trading_system - INFO - start:83 - All components started successfully
2025-09-28 17:00:32,229 - trading_system.dataorchestrator - INFO - start_ingestion:61 - Starting data ingestion...
2025-09-28 17:00:32,229 - trading_system.signalengine - INFO - start_processing:534 - Signal engine processing started
2025-09-28 17:00:32,382 - trading_system.marketdatacollector - INFO - start_collection:336 - Starting data collection for 15 symbols
2025-09-28 17:00:32,382 - trading_system.newsaggregator - INFO - start_news_collection:388 - Starting news collection
2025-09-28 17:05:48,897 - trading_system - INFO - setup_logging:132 - Logging configured - Level: INFO, Log Dir: C:\Users\ASUS\Desktop\Paisa_he_paisa_hoga\stock_prediction_system\logs
2025-09-28 17:05:48,898 - trading_system - INFO - initialize:37 - Initializing Trading System...
2025-09-28 17:05:48,898 - trading_system.dataorchestrator - INFO - initialize:34 - Initializing data orchestrator...
2025-09-28 17:05:48,898 - trading_system.dataorchestrator - INFO - initialize:53 - Data orchestrator initialized successfully
2025-09-28 17:05:48,898 - trading_system.signalengine - INFO - initialize:369 - Initializing signal engine...
2025-09-28 17:05:48,900 - trading_system.signalengine - INFO - initialize:371 - Signal engine initialized
2025-09-28 17:05:48,902 - trading_system - INFO - initialize:51 - Trading System initialized successfully
2025-09-28 17:05:48,903 - trading_system - INFO - start:59 - Starting Trading System...
2025-09-28 17:05:48,936 - trading_system - INFO - start:83 - All components started successfully
2025-09-28 17:05:48,936 - trading_system.dataorchestrator - INFO - start_ingestion:61 - Starting data ingestion...
2025-09-28 17:05:48,936 - trading_system.signalengine - INFO - start_processing:534 - Signal engine processing started
2025-09-28 17:05:48,970 - trading_system.marketdatacollector - INFO - start_collection:336 - Starting data collection for 15 symbols
2025-09-28 17:05:48,971 - trading_system.newsaggregator - INFO - start_news_collection:388 - Starting news collection
2025-09-28 17:08:33,197 - trading_system - INFO - setup_logging:132 - Logging configured - Level: INFO, Log Dir: C:\Users\ASUS\Desktop\Paisa_he_paisa_hoga\stock_prediction_system\logs
2025-09-28 17:08:33,198 - trading_system - INFO - initialize:37 - Initializing Trading System...
2025-09-28 17:08:33,198 - trading_system.dataorchestrator - INFO - initialize:34 - Initializing data orchestrator...
2025-09-28 17:08:33,198 - trading_system.dataorchestrator - INFO - initialize:53 - Data orchestrator initialized successfully
2025-09-28 17:08:33,199 - trading_system.signalengine - INFO - initialize:369 - Initializing signal engine...
2025-09-28 17:08:33,199 - trading_system.signalengine - INFO - initialize:371 - Signal engine initialized
2025-09-28 17:08:33,202 - trading_system - INFO - initialize:51 - Trading System initialized successfully
2025-09-28 17:08:33,202 - trading_system - INFO - start:59 - Starting Trading System...
2025-09-28 17:08:33,240 - trading_system - INFO - start:83 - All components started successfully
2025-09-28 17:08:33,240 - trading_system.dataorchestrator - INFO - start_ingestion:61 - Starting data ingestion...
2025-09-28 17:08:33,241 - trading_system.signalengine - INFO - start_processing:534 - Signal engine processing started
2025-09-28 17:08:33,271 - trading_system.marketdatacollector - INFO - start_collection:336 - Starting data collection for 15 symbols
2025-09-28 17:08:33,272 - trading_system.newsaggregator - INFO - start_news_collection:388 - Starting news collection
2025-09-28 17:09:05,180 - trading_system.websocket - INFO - connect:58 - WebSocket connected. Total connections: 1
2025-09-28 17:09:32,268 - trading_system.websocket - INFO - connect:58 - WebSocket connected. Total connections: 2
2025-09-28 17:11:13,956 - trading_system.api - ERROR - websocket_endpoint:328 - Error handling WebSocket message: (1001, '')
2025-09-28 17:11:13,956 - trading_system.websocket - INFO - disconnect:63 - WebSocket disconnected. Total connections: 1
2025-09-28 17:11:19,011 - trading_system.api - ERROR - websocket_endpoint:328 - Error handling WebSocket message: (1001, '')
2025-09-28 17:11:19,011 - trading_system.websocket - INFO - disconnect:63 - WebSocket disconnected. Total connections: 0
2025-09-28 17:11:19,328 - trading_system.websocket - INFO - connect:58 - WebSocket connected. Total connections: 1
2025-09-28 17:11:20,114 - trading_system.api - ERROR - websocket_endpoint:328 - Error handling WebSocket message: (1001, '')
2025-09-28 17:11:20,116 - trading_system.websocket - INFO - disconnect:63 - WebSocket disconnected. Total connections: 0
2025-09-28 17:11:20,435 - trading_system.websocket - INFO - connect:58 - WebSocket connected. Total connections: 1
2025-09-28 17:11:20,890 - trading_system.api - ERROR - websocket_endpoint:328 - Error handling WebSocket message: (1001, '')
2025-09-28 17:11:20,891 - trading_system.websocket - INFO - disconnect:63 - WebSocket disconnected. Total connections: 0
2025-09-28 17:11:21,213 - trading_system.websocket - INFO - connect:58 - WebSocket connected. Total connections: 1
2025-09-28 17:11:21,517 - trading_system.api - ERROR - websocket_endpoint:328 - Error handling WebSocket message: (1001, '')
2025-09-28 17:11:21,521 - trading_system.websocket - INFO - disconnect:63 - WebSocket disconnected. Total connections: 0
2025-09-28 17:11:21,836 - trading_system.websocket - INFO - connect:58 - WebSocket connected. Total connections: 1
2025-09-28 17:14:08,508 - trading_system - INFO - setup_logging:132 - Logging configured - Level: INFO, Log Dir: C:\Users\ASUS\Desktop\Paisa_he_paisa_hoga\stock_prediction_system\logs
2025-09-28 17:14:08,509 - trading_system - INFO - initialize:37 - Initializing Trading System...
2025-09-28 17:14:08,509 - trading_system.dataorchestrator - INFO - initialize:34 - Initializing data orchestrator...
2025-09-28 17:14:08,509 - trading_system.dataorchestrator - INFO - initialize:53 - Data orchestrator initialized successfully
2025-09-28 17:14:08,510 - trading_system.signalengine - INFO - initialize:369 - Initializing signal engine...
2025-09-28 17:14:08,510 - trading_system.signalengine - INFO - initialize:371 - Signal engine initialized
2025-09-28 17:14:08,513 - trading_system - INFO - initialize:51 - Trading System initialized successfully
2025-09-28 17:14:08,513 - trading_system - INFO - start:59 - Starting Trading System...
2025-09-28 17:14:08,544 - trading_system - INFO - start:83 - All components started successfully
2025-09-28 17:14:08,546 - trading_system.dataorchestrator - INFO - start_ingestion:61 - Starting data ingestion...
2025-09-28 17:14:08,546 - trading_system.signalengine - INFO - start_processing:534 - Signal engine processing started
2025-09-28 17:14:08,573 - trading_system.marketdatacollector - INFO - start_collection:336 - Starting data collection for 15 symbols
2025-09-28 17:14:08,573 - trading_system.newsaggregator - INFO - start_news_collection:388 - Starting news collection
2025-09-28 18:20:58,822 - trading_system - INFO - setup_logging:132 - Logging configured - Level: INFO, Log Dir: C:\Users\ASUS\Desktop\Paisa_he_paisa_hoga\stock_prediction_system\logs
2025-09-28 18:20:58,822 - trading_system - INFO - initialize:37 - Initializing Trading System...
2025-09-28 18:20:58,822 - trading_system.dataorchestrator - INFO - initialize:34 - Initializing data orchestrator...
2025-09-28 18:20:58,822 - trading_system.dataorchestrator - INFO - initialize:53 - Data orchestrator initialized successfully
2025-09-28 18:20:58,823 - trading_system.signalengine - INFO - initialize:369 - Initializing signal engine...
2025-09-28 18:20:58,823 - trading_system.signalengine - INFO - initialize:371 - Signal engine initialized
2025-09-28 18:20:58,826 - trading_system - INFO - initialize:51 - Trading System initialized successfully
2025-09-28 18:20:58,826 - trading_system - INFO - start:59 - Starting Trading System...
2025-09-28 18:20:58,865 - trading_system - INFO - start:83 - All components started successfully
2025-09-28 18:20:58,865 - trading_system.dataorchestrator - INFO - start_ingestion:61 - Starting data ingestion...
2025-09-28 18:20:58,866 - trading_system.signalengine - INFO - start_processing:534 - Signal engine processing started
2025-09-28 18:20:58,915 - trading_system.marketdatacollector - INFO - start_collection:340 - Starting data collection for 15 symbols
2025-09-28 18:20:58,916 - trading_system.newsaggregator - INFO - start_news_collection:388 - Starting news collection
2025-09-28 18:40:54,740 - trading_system - INFO - setup_logging:139 - Logging configured - Level: INFO, Log Dir: C:\Users\ASUS\Desktop\Paisa_he_paisa_hoga\stock_prediction_system\logs
2025-09-28 18:40:54,741 - trading_system - INFO - initialize:37 - Initializing Trading System...
2025-09-28 18:40:54,741 - trading_system.data_orchestrator - INFO - initialize:34 - Initializing data orchestrator...
2025-09-28 18:40:54,741 - trading_system.data_orchestrator - INFO - initialize:53 - Data orchestrator initialized successfully
2025-09-28 18:40:54,742 - trading_system.signal_engine - INFO - initialize:369 - Initializing signal engine...
2025-09-28 18:40:54,742 - trading_system.signal_engine - INFO - initialize:371 - Signal engine initialized
2025-09-28 18:40:54,746 - trading_system - INFO - initialize:51 - Trading System initialized successfully
2025-09-28 18:40:54,746 - trading_system - INFO - start:59 - Starting Trading System...
2025-09-28 18:40:54,775 - trading_system - INFO - start:83 - All components started successfully
2025-09-28 18:40:54,775 - trading_system.data_orchestrator - INFO - start_ingestion:61 - Starting data ingestion...
2025-09-28 18:40:54,776 - trading_system.signal_engine - INFO - start_processing:534 - Signal engine processing started
2025-09-28 18:40:54,802 - trading_system.news_sentiment - INFO - start_news_collection:388 - Starting news collection
2025-09-28 18:46:52,092 - trading_system - INFO - setup_logging:139 - Logging configured - Level: INFO, Log Dir: C:\Users\ASUS\Desktop\Paisa_he_paisa_hoga\stock_prediction_system\logs
2025-09-28 18:46:52,092 - trading_system - INFO - initialize:37 - Initializing Trading System...
2025-09-28 18:46:52,092 - trading_system.data_orchestrator - INFO - initialize:34 - Initializing data orchestrator...
2025-09-28 18:46:52,093 - trading_system.data_orchestrator - INFO - initialize:53 - Data orchestrator initialized successfully
2025-09-28 18:46:52,093 - trading_system.signal_engine - INFO - initialize:369 - Initializing signal engine...
2025-09-28 18:46:52,093 - trading_system.signal_engine - INFO - initialize:371 - Signal engine initialized
2025-09-28 18:46:52,098 - trading_system - INFO - initialize:51 - Trading System initialized successfully
2025-09-28 18:46:52,098 - trading_system - INFO - start:59 - Starting Trading System...
2025-09-28 18:46:52,129 - trading_system - INFO - start:83 - All components started successfully
2025-09-28 18:46:52,130 - trading_system.data_orchestrator - INFO - start_ingestion:61 - Starting data ingestion...
2025-09-28 18:46:52,131 - trading_system.signal_engine - INFO - start_processing:534 - Signal engine processing started
2025-09-28 18:46:52,162 - trading_system.news_sentiment - INFO - start_news_collection:388 - Starting news collection
2025-09-28 18:50:07,512 - trading_system - INFO - setup_logging:139 - Logging configured - Level: INFO, Log Dir: C:\Users\ASUS\Desktop\Paisa_he_paisa_hoga\stock_prediction_system\logs
2025-09-28 18:50:07,512 - trading_system - INFO - initialize:37 - Initializing Trading System...
2025-09-28 18:50:07,513 - trading_system.data_orchestrator - INFO - initialize:34 - Initializing data orchestrator...
2025-09-28 18:50:07,513 - trading_system.data_orchestrator - INFO - initialize:53 - Data orchestrator initialized successfully
2025-09-28 18:50:07,513 - trading_system.signal_engine - INFO - initialize:369 - Initializing signal engine...
2025-09-28 18:50:07,513 - trading_system.signal_engine - INFO - initialize:371 - Signal engine initialized
2025-09-28 18:50:07,517 - trading_system - INFO - initialize:51 - Trading System initialized successfully
2025-09-28 18:50:07,517 - trading_system - INFO - start:59 - Starting Trading System...
2025-09-28 18:50:07,548 - trading_system - INFO - start:83 - All components started successfully
2025-09-28 18:50:07,548 - trading_system.data_orchestrator - INFO - start_ingestion:61 - Starting data ingestion...
2025-09-28 18:50:07,549 - trading_system.signal_engine - INFO - start_processing:534 - Signal engine processing started
2025-09-28 18:50:07,580 - trading_system.news_sentiment - INFO - start_news_collection:388 - Starting news collection
